This is pdfTeX, Version 3.141592653-2.6-1.40.22 (TeX Live 2022/dev/Debian) (preloaded format=pdflatex 2023.7.12)  9 MAR 2024 14:10
entering extended mode
 restricted \write18 enabled.
 file:line:error style messages enabled.
 %&-line parsing enabled.
**/home/cake/.config/i3blocks/config
(/home/cake/.config/i3blocks/config
LaTeX2e <2021-11-15> patch level 1
L3 programming layer <2022-01-21>

/home/cake/.config/i3blocks/config:1: LaTeX Error: Missing \begin{document}.

See the LaTeX manual or LaTeX Companion for explanation.
Type  H <return>  for immediate help.
 ...                                              
                                                  
l.1 S
     CRIPT_DIR=/home/cake/.config/i3blocks/i3blocks-contrib/
You're in trouble here.  Try typing  <return>  to proceed.
If that doesn't work, type  X <return>  to quit.

Missing character: There is no S in font nullfont!
Missing character: There is no C in font nullfont!
Missing character: There is no R in font nullfont!
Missing character: There is no I in font nullfont!
Missing character: There is no P in font nullfont!
Missing character: There is no T in font nullfont!
/home/cake/.config/i3blocks/config:1: Missing $ inserted.
<inserted text> 
                $
l.1 SCRIPT_
           DIR=/home/cake/.config/i3blocks/i3blocks-contrib/
I've inserted a begin-math/end-math symbol since I think
you left one out. Proceed, with fingers crossed.

LaTeX Font Info:    External font `cmex10' loaded for size
(Font)              <7> on input line 1.
LaTeX Font Info:    External font `cmex10' loaded for size
(Font)              <5> on input line 1.
/home/cake/.config/i3blocks/config:2: Missing $ inserted.
<inserted text> 
                $
l.2 
    
I've inserted a begin-math/end-math symbol since I think
you left one out. Proceed, with fingers crossed.


Overfull \hbox (50.65997pt too wide) in paragraph at lines 1--2
[]$[]\OML/cmm/m/it/10 IR \OT1/cmr/m/n/10 =
 []


Overfull \hbox (179.71544pt too wide) in paragraph at lines 1--2
\OML/cmm/m/it/10 =home=cake=:config=i\OT1/cmr/m/n/10 3\OML/cmm/m/it/10 blocks=i
\OT1/cmr/m/n/10 3\OML/cmm/m/it/10 blocks \OMS/cmsy/m/n/10 ^^@
 []


Overfull \hbox (36.31442pt too wide) in paragraph at lines 1--2
\OML/cmm/m/it/10 contrib=$ 
 []


/home/cake/.config/i3blocks/config:4: LaTeX Error: Missing \begin{document}.

See the LaTeX manual or LaTeX Companion for explanation.
Type  H <return>  for immediate help.
 ...                                              
                                                  
l.4 [
     dojstatus]
You're in trouble here.  Try typing  <return>  to proceed.
If that doesn't work, type  X <return>  to quit.

Missing character: There is no [ in font nullfont!
Missing character: There is no d in font nullfont!
Missing character: There is no o in font nullfont!
Missing character: There is no j in font nullfont!
Missing character: There is no s in font nullfont!
Missing character: There is no t in font nullfont!
Missing character: There is no a in font nullfont!
Missing character: There is no t in font nullfont!
Missing character: There is no u in font nullfont!
Missing character: There is no s in font nullfont!
Missing character: There is no ] in font nullfont!
Missing character: There is no c in font nullfont!
Missing character: There is no o in font nullfont!
Missing character: There is no m in font nullfont!
Missing character: There is no m in font nullfont!
Missing character: There is no a in font nullfont!
Missing character: There is no n in font nullfont!
Missing character: There is no d in font nullfont!
Missing character: There is no = in font nullfont!
Missing character: There is no p in font nullfont!
Missing character: There is no y in font nullfont!
Missing character: There is no t in font nullfont!
Missing character: There is no h in font nullfont!
Missing character: There is no o in font nullfont!
Missing character: There is no n in font nullfont!
Missing character: There is no 3 in font nullfont!
Missing character: There is no / in font nullfont!
Missing character: There is no w in font nullfont!
Missing character: There is no o in font nullfont!
Missing character: There is no r in font nullfont!
Missing character: There is no k in font nullfont!
Missing character: There is no s in font nullfont!
Missing character: There is no p in font nullfont!
Missing character: There is no a in font nullfont!
Missing character: There is no c in font nullfont!
Missing character: There is no e in font nullfont!
Missing character: There is no / in font nullfont!
Missing character: There is no d in font nullfont!
Missing character: There is no o in font nullfont!
Missing character: There is no j in font nullfont!
Missing character: There is no - in font nullfont!
Missing character: There is no c in font nullfont!
Missing character: There is no a in font nullfont!
Missing character: There is no s in font nullfont!
Missing character: There is no e in font nullfont!
Missing character: There is no - in font nullfont!
Missing character: There is no s in font nullfont!
Missing character: There is no e in font nullfont!
Missing character: There is no a in font nullfont!
Missing character: There is no r in font nullfont!
Missing character: There is no c in font nullfont!
Missing character: There is no h in font nullfont!
Missing character: There is no / in font nullfont!
Missing character: There is no m in font nullfont!
Missing character: There is no a in font nullfont!
Missing character: There is no i in font nullfont!
Missing character: There is no n in font nullfont!
Missing character: There is no . in font nullfont!
Missing character: There is no p in font nullfont!
Missing character: There is no y in font nullfont!
Missing character: There is no i in font nullfont!
Missing character: There is no n in font nullfont!
Missing character: There is no t in font nullfont!
Missing character: There is no e in font nullfont!
Missing character: There is no r in font nullfont!
Missing character: There is no v in font nullfont!
Missing character: There is no a in font nullfont!
Missing character: There is no l in font nullfont!
Missing character: There is no = in font nullfont!
Missing character: There is no 8 in font nullfont!
Missing character: There is no 6 in font nullfont!
Missing character: There is no 4 in font nullfont!
Missing character: There is no 0 in font nullfont!
Missing character: There is no 0 in font nullfont!

Overfull \hbox (20.0pt too wide) in paragraph at lines 4--7
[]
 []


/home/cake/.config/i3blocks/config:8: LaTeX Error: Missing \begin{document}.

See the LaTeX manual or LaTeX Companion for explanation.
Type  H <return>  for immediate help.
 ...                                              
                                                  
l.8 [
     countdown2]
You're in trouble here.  Try typing  <return>  to proceed.
If that doesn't work, type  X <return>  to quit.

Missing character: There is no [ in font nullfont!
Missing character: There is no c in font nullfont!
Missing character: There is no o in font nullfont!
Missing character: There is no u in font nullfont!
Missing character: There is no n in font nullfont!
Missing character: There is no t in font nullfont!
Missing character: There is no d in font nullfont!
Missing character: There is no o in font nullfont!
Missing character: There is no w in font nullfont!
Missing character: There is no n in font nullfont!
Missing character: There is no 2 in font nullfont!
Missing character: There is no ] in font nullfont!
Missing character: There is no c in font nullfont!
Missing character: There is no o in font nullfont!
Missing character: There is no m in font nullfont!
Missing character: There is no m in font nullfont!
Missing character: There is no a in font nullfont!
Missing character: There is no n in font nullfont!
Missing character: There is no d in font nullfont!
Missing character: There is no = in font nullfont!
/home/cake/.config/i3blocks/config:13: You can't use `macro parameter character
 #' in math mode.
l.13 color=#
            00FFDD
Sorry, but I'm not programmed to handle this case;
I'll just pretend that you didn't ask for it.
If you're in the wrong mode, you might be able to
return to the right one by typing `I}' or `I$' or `I\par'.

/home/cake/.config/i3blocks/config:14: Missing $ inserted.
<inserted text> 
                $
l.14 
     
I've inserted a begin-math/end-math symbol since I think
you left one out. Proceed, with fingers crossed.


Overfull \hbox (20.0pt too wide) in paragraph at lines 8--14
[]
 []


Overfull \hbox (158.55162pt too wide) in paragraph at lines 8--14
\OML/cmm/m/it/10 SCRIPT[]IR=countdown:shlabel \OT1/cmr/m/n/10 =
 []


Overfull \hbox (154.65971pt too wide) in paragraph at lines 8--14
\OML/cmm/m/it/10 ECEN\OT1/cmr/m/n/10 757\OML/cmm/m/it/10 MIDTERMinstance \OT1/c
mr/m/n/10 =
 []


Overfull \hbox (65.55568pt too wide) in paragraph at lines 8--14
\OT1/cmr/m/n/10 03\OML/cmm/m/it/10 =\OT1/cmr/m/n/10 21\OML/cmm/m/it/10 =\OT1/cm
r/m/n/10 202409 :
 []


Overfull \hbox (15.55553pt too wide) in paragraph at lines 8--14
\OT1/cmr/m/n/10 35 :
 []


Overfull \hbox (56.73224pt too wide) in paragraph at lines 8--14
\OT1/cmr/m/n/10 00\OML/cmm/m/it/10 interval \OT1/cmr/m/n/10 =
 []


Overfull \hbox (37.54749pt too wide) in paragraph at lines 8--14
\OT1/cmr/m/n/10 1\OML/cmm/m/it/10 color \OT1/cmr/m/n/10 =
 []


Overfull \hbox (42.75284pt too wide) in paragraph at lines 8--14
\OT1/cmr/m/n/10 00\OML/cmm/m/it/10 FFDD$ 
 []


/home/cake/.config/i3blocks/config:15: LaTeX Error: Missing \begin{document}.

See the LaTeX manual or LaTeX Companion for explanation.
Type  H <return>  for immediate help.
 ...                                              
                                                  
l.15 [
      countdown]
You're in trouble here.  Try typing  <return>  to proceed.
If that doesn't work, type  X <return>  to quit.

Missing character: There is no [ in font nullfont!
Missing character: There is no c in font nullfont!
Missing character: There is no o in font nullfont!
Missing character: There is no u in font nullfont!
Missing character: There is no n in font nullfont!
Missing character: There is no t in font nullfont!
Missing character: There is no d in font nullfont!
Missing character: There is no o in font nullfont!
Missing character: There is no w in font nullfont!
Missing character: There is no n in font nullfont!
Missing character: There is no ] in font nullfont!
Missing character: There is no c in font nullfont!
Missing character: There is no o in font nullfont!
Missing character: There is no m in font nullfont!
Missing character: There is no m in font nullfont!
Missing character: There is no a in font nullfont!
Missing character: There is no n in font nullfont!
Missing character: There is no d in font nullfont!
Missing character: There is no = in font nullfont!
/home/cake/.config/i3blocks/config:20: You can't use `macro parameter character
 #' in math mode.
l.20 color=#
            BBFF00
Sorry, but I'm not programmed to handle this case;
I'll just pretend that you didn't ask for it.
If you're in the wrong mode, you might be able to
return to the right one by typing `I}' or `I$' or `I\par'.

/home/cake/.config/i3blocks/config:21: Missing $ inserted.
<inserted text> 
                $
l.21 
     
I've inserted a begin-math/end-math symbol since I think
you left one out. Proceed, with fingers crossed.


Overfull \hbox (20.0pt too wide) in paragraph at lines 15--21
[]
 []


Overfull \hbox (158.55162pt too wide) in paragraph at lines 15--21
\OML/cmm/m/it/10 SCRIPT[]IR=countdown:shlabel \OT1/cmr/m/n/10 =
 []


Overfull \hbox (154.65971pt too wide) in paragraph at lines 15--21
\OML/cmm/m/it/10 ECEN\OT1/cmr/m/n/10 743\OML/cmm/m/it/10 MIDTERMinstance \OT1/c
mr/m/n/10 =
 []


Overfull \hbox (65.55568pt too wide) in paragraph at lines 15--21
\OT1/cmr/m/n/10 03\OML/cmm/m/it/10 =\OT1/cmr/m/n/10 18\OML/cmm/m/it/10 =\OT1/cm
r/m/n/10 202416 :
 []


Overfull \hbox (15.55553pt too wide) in paragraph at lines 15--21
\OT1/cmr/m/n/10 10 :
 []


Overfull \hbox (56.73224pt too wide) in paragraph at lines 15--21
\OT1/cmr/m/n/10 00\OML/cmm/m/it/10 interval \OT1/cmr/m/n/10 =
 []


Overfull \hbox (37.54749pt too wide) in paragraph at lines 15--21
\OT1/cmr/m/n/10 1\OML/cmm/m/it/10 color \OT1/cmr/m/n/10 =
 []


Overfull \hbox (41.81256pt too wide) in paragraph at lines 15--21
\OML/cmm/m/it/10 BBFF\OT1/cmr/m/n/10 00$ 
 []


/home/cake/.config/i3blocks/config:22: LaTeX Error: Missing \begin{document}.

See the LaTeX manual or LaTeX Companion for explanation.
Type  H <return>  for immediate help.
 ...                                              
                                                  
l.22 [
      spotify]
You're in trouble here.  Try typing  <return>  to proceed.
If that doesn't work, type  X <return>  to quit.

Missing character: There is no [ in font nullfont!
Missing character: There is no s in font nullfont!
Missing character: There is no p in font nullfont!
Missing character: There is no o in font nullfont!
Missing character: There is no t in font nullfont!
Missing character: There is no i in font nullfont!
Missing character: There is no f in font nullfont!
Missing character: There is no y in font nullfont!
Missing character: There is no ] in font nullfont!
Missing character: There is no c in font nullfont!
Missing character: There is no o in font nullfont!
Missing character: There is no m in font nullfont!
Missing character: There is no m in font nullfont!
Missing character: There is no a in font nullfont!
Missing character: There is no n in font nullfont!
Missing character: There is no d in font nullfont!
Missing character: There is no = in font nullfont!
/home/cake/.config/i3blocks/config:24: You can't use `macro parameter character
 #' in math mode.
l.24 color=#
            00FFB3
Sorry, but I'm not programmed to handle this case;
I'll just pretend that you didn't ask for it.
If you're in the wrong mode, you might be able to
return to the right one by typing `I}' or `I$' or `I\par'.

/home/cake/.config/i3blocks/config:28: Missing $ inserted.
<inserted text> 
                $
l.28 
     
I've inserted a begin-math/end-math symbol since I think
you left one out. Proceed, with fingers crossed.


Overfull \hbox (20.0pt too wide) in paragraph at lines 22--28
[]
 []


Overfull \hbox (218.58134pt too wide) in paragraph at lines 22--28
\OML/cmm/m/it/10 SCRIPT[]IR=spotifyd[]bus=spotifyd[]buscolor \OT1/cmr/m/n/10 =
 []


Overfull \hbox (85.45798pt too wide) in paragraph at lines 22--28
\OT1/cmr/m/n/10 00\OML/cmm/m/it/10 FFB\OT1/cmr/m/n/10 3\OML/cmm/m/it/10 interva
l \OT1/cmr/m/n/10 =
 []


Overfull \hbox (81.32428pt too wide) in paragraph at lines 22--28
\OT1/cmr/m/n/10 2\OML/cmm/m/it/10 MAX[]IDTH \OT1/cmr/m/n/10 =
 []


Overfull \hbox (102.38887pt too wide) in paragraph at lines 22--28
\OT1/cmr/m/n/10 20\OML/cmm/m/it/10 SCROLL[]PEED \OT1/cmr/m/n/10 =
 []


Overfull \hbox (5.00002pt too wide) in paragraph at lines 22--28
\OT1/cmr/m/n/10 3$ 
 []


/home/cake/.config/i3blocks/config:29: LaTeX Error: Missing \begin{document}.

See the LaTeX manual or LaTeX Companion for explanation.
Type  H <return>  for immediate help.
 ...                                              
                                                  
l.29 [
      volume]
You're in trouble here.  Try typing  <return>  to proceed.
If that doesn't work, type  X <return>  to quit.

Missing character: There is no [ in font nullfont!
Missing character: There is no v in font nullfont!
Missing character: There is no o in font nullfont!
Missing character: There is no l in font nullfont!
Missing character: There is no u in font nullfont!
Missing character: There is no m in font nullfont!
Missing character: There is no e in font nullfont!
Missing character: There is no ] in font nullfont!
Missing character: There is no c in font nullfont!
Missing character: There is no o in font nullfont!
Missing character: There is no m in font nullfont!
Missing character: There is no m in font nullfont!
Missing character: There is no a in font nullfont!
Missing character: There is no n in font nullfont!
Missing character: There is no d in font nullfont!
Missing character: There is no = in font nullfont!
Missing character: There is no / in font nullfont!
Missing character: There is no h in font nullfont!
Missing character: There is no o in font nullfont!
Missing character: There is no m in font nullfont!
Missing character: There is no e in font nullfont!
Missing character: There is no / in font nullfont!
Missing character: There is no c in font nullfont!
Missing character: There is no a in font nullfont!
Missing character: There is no k in font nullfont!
Missing character: There is no e in font nullfont!
Missing character: There is no / in font nullfont!
Missing character: There is no C in font nullfont!
Missing character: There is no u in font nullfont!
Missing character: There is no t in font nullfont!
Missing character: There is no e in font nullfont!
Missing character: There is no S in font nullfont!
Missing character: There is no c in font nullfont!
Missing character: There is no r in font nullfont!
Missing character: There is no i in font nullfont!
Missing character: There is no p in font nullfont!
Missing character: There is no t in font nullfont!
Missing character: There is no s in font nullfont!
Missing character: There is no / in font nullfont!
Missing character: There is no i in font nullfont!
Missing character: There is no 3 in font nullfont!
Missing character: There is no b in font nullfont!
Missing character: There is no l in font nullfont!
Missing character: There is no o in font nullfont!
Missing character: There is no c in font nullfont!
Missing character: There is no k in font nullfont!
Missing character: There is no s in font nullfont!
Missing character: There is no - in font nullfont!
Missing character: There is no a in font nullfont!
Missing character: There is no u in font nullfont!
Missing character: There is no d in font nullfont!
Missing character: There is no i in font nullfont!
Missing character: There is no o in font nullfont!
Missing character: There is no - in font nullfont!
Missing character: There is no v in font nullfont!
Missing character: There is no o in font nullfont!
Missing character: There is no l in font nullfont!
Missing character: There is no u in font nullfont!
Missing character: There is no m in font nullfont!
Missing character: There is no e in font nullfont!
Missing character: There is no . in font nullfont!
Missing character: There is no s in font nullfont!
Missing character: There is no h in font nullfont!
Missing character: There is no L in font nullfont!
Missing character: There is no A in font nullfont!
Missing character: There is no B in font nullfont!
Missing character: There is no E in font nullfont!
Missing character: There is no L in font nullfont!
Missing character: There is no = in font nullfont!

/home/cake/.config/i3blocks/config:31: LaTeX Error: Unicode character  (U+F0
A2)
               not set up for use with LaTeX.

See the LaTeX manual or LaTeX Companion for explanation.
Type  H <return>  for immediate help.
 ...                                              
                                                  
l.31 LABEL=
              
You may provide a definition with
\DeclareUnicodeCharacter 

Missing character: There is no i in font nullfont!
Missing character: There is no n in font nullfont!
Missing character: There is no t in font nullfont!
Missing character: There is no e in font nullfont!
Missing character: There is no r in font nullfont!
Missing character: There is no v in font nullfont!
Missing character: There is no a in font nullfont!
Missing character: There is no l in font nullfont!
Missing character: There is no = in font nullfont!
Missing character: There is no o in font nullfont!
Missing character: There is no n in font nullfont!
Missing character: There is no c in font nullfont!
Missing character: There is no e in font nullfont!
Missing character: There is no s in font nullfont!
Missing character: There is no i in font nullfont!
Missing character: There is no g in font nullfont!
Missing character: There is no n in font nullfont!
Missing character: There is no a in font nullfont!
Missing character: There is no l in font nullfont!
Missing character: There is no = in font nullfont!
Missing character: There is no 1 in font nullfont!
Missing character: There is no 0 in font nullfont!
Missing character: There is no U in font nullfont!
Missing character: There is no S in font nullfont!
Missing character: There is no E in font nullfont!
/home/cake/.config/i3blocks/config:34: Missing $ inserted.
<inserted text> 
                $
l.34 USE_
         ALSA_NAME=1
I've inserted a begin-math/end-math symbol since I think
you left one out. Proceed, with fingers crossed.

/home/cake/.config/i3blocks/config:35: Missing $ inserted.
<inserted text> 
                $
l.35 
     
I've inserted a begin-math/end-math symbol since I think
you left one out. Proceed, with fingers crossed.


Overfull \hbox (20.0pt too wide) in paragraph at lines 29--35
[]
 []


Overfull \hbox (71.91805pt too wide) in paragraph at lines 29--35
[]\OML/cmm/m/it/10 LSA[]AME \OT1/cmr/m/n/10 =
 []


Overfull \hbox (5.00002pt too wide) in paragraph at lines 29--35
\OT1/cmr/m/n/10 1$ 
 []


/home/cake/.config/i3blocks/config:36: LaTeX Error: Missing \begin{document}.

See the LaTeX manual or LaTeX Companion for explanation.
Type  H <return>  for immediate help.
 ...                                              
                                                  
l.36 [
      ssid]
You're in trouble here.  Try typing  <return>  to proceed.
If that doesn't work, type  X <return>  to quit.

Missing character: There is no [ in font nullfont!
Missing character: There is no s in font nullfont!
Missing character: There is no s in font nullfont!
Missing character: There is no i in font nullfont!
Missing character: There is no d in font nullfont!
Missing character: There is no ] in font nullfont!
Missing character: There is no c in font nullfont!
Missing character: There is no o in font nullfont!
Missing character: There is no m in font nullfont!
Missing character: There is no m in font nullfont!
Missing character: There is no a in font nullfont!
Missing character: There is no n in font nullfont!
Missing character: There is no d in font nullfont!
Missing character: There is no = in font nullfont!
Missing character: There is no i in font nullfont!
Missing character: There is no w in font nullfont!
Missing character: There is no g in font nullfont!
Missing character: There is no e in font nullfont!
Missing character: There is no t in font nullfont!
Missing character: There is no i in font nullfont!
Missing character: There is no d in font nullfont!
Missing character: There is no - in font nullfont!
Missing character: There is no r in font nullfont!
Missing character: There is no c in font nullfont!
Missing character: There is no o in font nullfont!
Missing character: There is no l in font nullfont!
Missing character: There is no o in font nullfont!
Missing character: There is no r in font nullfont!
Missing character: There is no = in font nullfont!
/home/cake/.config/i3blocks/config:38: You can't use `macro parameter character
 #' in horizontal mode.
l.38 color=#
            00ff00
Sorry, but I'm not programmed to handle this case;
I'll just pretend that you didn't ask for it.
If you're in the wrong mode, you might be able to
return to the right one by typing `I}' or `I$' or `I\par'.

Missing character: There is no 0 in font nullfont!
Missing character: There is no 0 in font nullfont!
Missing character: There is no f in font nullfont!
Missing character: There is no f in font nullfont!
Missing character: There is no 0 in font nullfont!
Missing character: There is no 0 in font nullfont!
Missing character: There is no i in font nullfont!
Missing character: There is no n in font nullfont!
Missing character: There is no t in font nullfont!
Missing character: There is no e in font nullfont!
Missing character: There is no r in font nullfont!
Missing character: There is no v in font nullfont!
Missing character: There is no a in font nullfont!
Missing character: There is no l in font nullfont!
Missing character: There is no = in font nullfont!
Missing character: There is no 6 in font nullfont!
Missing character: There is no 0 in font nullfont!

Overfull \hbox (20.0pt too wide) in paragraph at lines 36--40
[]
 []


/home/cake/.config/i3blocks/config:41: LaTeX Error: Missing \begin{document}.

See the LaTeX manual or LaTeX Companion for explanation.
Type  H <return>  for immediate help.
 ...                                              
                                                  
l.41 [
      disk]
You're in trouble here.  Try typing  <return>  to proceed.
If that doesn't work, type  X <return>  to quit.

Missing character: There is no [ in font nullfont!
Missing character: There is no d in font nullfont!
Missing character: There is no i in font nullfont!
Missing character: There is no s in font nullfont!
Missing character: There is no k in font nullfont!
Missing character: There is no ] in font nullfont!
Missing character: There is no c in font nullfont!
Missing character: There is no o in font nullfont!
Missing character: There is no m in font nullfont!
Missing character: There is no m in font nullfont!
Missing character: There is no a in font nullfont!
Missing character: There is no n in font nullfont!
Missing character: There is no d in font nullfont!
Missing character: There is no = in font nullfont!

/home/cake/.config/i3blocks/config:43: LaTeX Error: Unicode character  (U+F1
C0)
               not set up for use with LaTeX.

See the LaTeX manual or LaTeX Companion for explanation.
Type  H <return>  for immediate help.
 ...                                              
                                                  
l.43 label=
              
You may provide a definition with
\DeclareUnicodeCharacter 

/home/cake/.config/i3blocks/config:45: Missing $ inserted.
<inserted text> 
                $
l.45 
     
I've inserted a begin-math/end-math symbol since I think
you left one out. Proceed, with fingers crossed.


Overfull \hbox (20.0pt too wide) in paragraph at lines 41--45
[]
 []


Overfull \hbox (140.04591pt too wide) in paragraph at lines 41--45
\OML/cmm/m/it/10 SCRIPT[]IR=disk=disklabel \OT1/cmr/m/n/10 =
 []


Overfull \hbox (46.73221pt too wide) in paragraph at lines 41--45
\OML/cmm/m/it/10 interval \OT1/cmr/m/n/10 =
 []


Overfull \hbox (10.00003pt too wide) in paragraph at lines 41--45
\OT1/cmr/m/n/10 30$ 
 []


/home/cake/.config/i3blocks/config:46: LaTeX Error: Missing \begin{document}.

See the LaTeX manual or LaTeX Companion for explanation.
Type  H <return>  for immediate help.
 ...                                              
                                                  
l.46 [
      memory]
You're in trouble here.  Try typing  <return>  to proceed.
If that doesn't work, type  X <return>  to quit.

Missing character: There is no [ in font nullfont!
Missing character: There is no m in font nullfont!
Missing character: There is no e in font nullfont!
Missing character: There is no m in font nullfont!
Missing character: There is no o in font nullfont!
Missing character: There is no r in font nullfont!
Missing character: There is no y in font nullfont!
Missing character: There is no ] in font nullfont!
Missing character: There is no c in font nullfont!
Missing character: There is no o in font nullfont!
Missing character: There is no m in font nullfont!
Missing character: There is no m in font nullfont!
Missing character: There is no a in font nullfont!
Missing character: There is no n in font nullfont!
Missing character: There is no d in font nullfont!
Missing character: There is no = in font nullfont!
/home/cake/.config/i3blocks/config:50: Missing $ inserted.
<inserted text> 
                $
l.50 
     
I've inserted a begin-math/end-math symbol since I think
you left one out. Proceed, with fingers crossed.


Overfull \hbox (20.0pt too wide) in paragraph at lines 46--50
[]
 []


Overfull \hbox (193.9819pt too wide) in paragraph at lines 46--50
\OML/cmm/m/it/10 SCRIPT[]IR=memory=memoryinstance \OT1/cmr/m/n/10 =
 []


Overfull \hbox (93.46732pt too wide) in paragraph at lines 46--50
\OML/cmm/m/it/10 mem\OT1/cmr/m/n/10 ; \OML/cmm/m/it/10 freeinterval \OT1/cmr/m/
n/10 =
 []


Overfull \hbox (10.00003pt too wide) in paragraph at lines 46--50
\OT1/cmr/m/n/10 30$ 
 []


/home/cake/.config/i3blocks/config:51: LaTeX Error: Missing \begin{document}.

See the LaTeX manual or LaTeX Companion for explanation.
Type  H <return>  for immediate help.
 ...                                              
                                                  
l.51 [
      battery]
You're in trouble here.  Try typing  <return>  to proceed.
If that doesn't work, type  X <return>  to quit.

Missing character: There is no [ in font nullfont!
Missing character: There is no b in font nullfont!
Missing character: There is no a in font nullfont!
Missing character: There is no t in font nullfont!
Missing character: There is no t in font nullfont!
Missing character: There is no e in font nullfont!
Missing character: There is no r in font nullfont!
Missing character: There is no y in font nullfont!
Missing character: There is no ] in font nullfont!
Missing character: There is no c in font nullfont!
Missing character: There is no o in font nullfont!
Missing character: There is no m in font nullfont!
Missing character: There is no m in font nullfont!
Missing character: There is no a in font nullfont!
Missing character: There is no n in font nullfont!
Missing character: There is no d in font nullfont!
Missing character: There is no = in font nullfont!
/home/cake/.config/i3blocks/config:55: Missing $ inserted.
<inserted text> 
                $
l.55 
     
I've inserted a begin-math/end-math symbol since I think
you left one out. Proceed, with fingers crossed.


Overfull \hbox (20.0pt too wide) in paragraph at lines 51--55
[]
 []


Overfull \hbox (229.25919pt too wide) in paragraph at lines 51--55
\OML/cmm/m/it/10 SCRIPT[]IR=battery=battery:pyBAT[]UMBER \OT1/cmr/m/n/10 =
 []


Overfull \hbox (51.73222pt too wide) in paragraph at lines 51--55
\OT1/cmr/m/n/10 1\OML/cmm/m/it/10 interval \OT1/cmr/m/n/10 =
 []


Overfull \hbox (10.00003pt too wide) in paragraph at lines 51--55
\OT1/cmr/m/n/10 30$ 
 []

/home/cake/.config/i3blocks/config:56: You can't use `macro parameter character
 #' in vertical mode.
l.56 #
       Update time every 5 seconds
Sorry, but I'm not programmed to handle this case;
I'll just pretend that you didn't ask for it.
If you're in the wrong mode, you might be able to
return to the right one by typing `I}' or `I$' or `I\par'.


/home/cake/.config/i3blocks/config:56: LaTeX Error: Missing \begin{document}.

See the LaTeX manual or LaTeX Companion for explanation.
Type  H <return>  for immediate help.
 ...                                              
                                                  
l.56 # U
        pdate time every 5 seconds
You're in trouble here.  Try typing  <return>  to proceed.
If that doesn't work, type  X <return>  to quit.

Missing character: There is no U in font nullfont!
Missing character: There is no p in font nullfont!
Missing character: There is no d in font nullfont!
Missing character: There is no a in font nullfont!
Missing character: There is no t in font nullfont!
Missing character: There is no e in font nullfont!
Missing character: There is no t in font nullfont!
Missing character: There is no i in font nullfont!
Missing character: There is no m in font nullfont!
Missing character: There is no e in font nullfont!
Missing character: There is no e in font nullfont!
Missing character: There is no v in font nullfont!
Missing character: There is no e in font nullfont!
Missing character: There is no r in font nullfont!
Missing character: There is no y in font nullfont!
Missing character: There is no 5 in font nullfont!
Missing character: There is no s in font nullfont!
Missing character: There is no e in font nullfont!
Missing character: There is no c in font nullfont!
Missing character: There is no o in font nullfont!
Missing character: There is no n in font nullfont!
Missing character: There is no d in font nullfont!
Missing character: There is no s in font nullfont!
Missing character: There is no [ in font nullfont!
Missing character: There is no c in font nullfont!
Missing character: There is no a in font nullfont!
Missing character: There is no l in font nullfont!
Missing character: There is no e in font nullfont!
Missing character: There is no n in font nullfont!
Missing character: There is no d in font nullfont!
Missing character: There is no a in font nullfont!
Missing character: There is no r in font nullfont!
Missing character: There is no ] in font nullfont!
Missing character: There is no c in font nullfont!
Missing character: There is no o in font nullfont!
Missing character: There is no m in font nullfont!
Missing character: There is no m in font nullfont!
Missing character: There is no a in font nullfont!
Missing character: There is no n in font nullfont!
Missing character: There is no d in font nullfont!
Missing character: There is no = in font nullfont!

/home/cake/.config/i3blocks/config:60: LaTeX Error: Unicode character  (U+F0
73)
               not set up for use with LaTeX.

See the LaTeX manual or LaTeX Companion for explanation.
Type  H <return>  for immediate help.
 ...                                              
                                                  
l.60 LABEL=
              
You may provide a definition with
\DeclareUnicodeCharacter 

/home/cake/.config/i3blocks/config:62: You can't use `macro parameter character
 #' in math mode.
l.62 #
       SHORTFMT=+%H:%M:%S
Sorry, but I'm not programmed to handle this case;
I'll just pretend that you didn't ask for it.
If you're in the wrong mode, you might be able to
return to the right one by typing `I}' or `I$' or `I\par'.

/home/cake/.config/i3blocks/config:65: Missing $ inserted.
<inserted text> 
                $
l.65 
     
I've inserted a begin-math/end-math symbol since I think
you left one out. Proceed, with fingers crossed.


Overfull \hbox (20.0pt too wide) in paragraph at lines 56--65
[]
 []


Overfull \hbox (195.3765pt too wide) in paragraph at lines 56--65
\OML/cmm/m/it/10 SCRIPT[]IR=calendar=calendarinterval \OT1/cmr/m/n/10 =
 []


Overfull \hbox (57.71182pt too wide) in paragraph at lines 56--65
\OT1/cmr/m/n/10 30\OML/cmm/m/it/10 LABEL \OT1/cmr/m/n/10 =
 []


Overfull \hbox (67.6472pt too wide) in paragraph at lines 56--65
\OML/cmm/m/it/10 DATEFMT \OT1/cmr/m/n/10 =
 []


Overfull \hbox (82.81871pt too wide) in paragraph at lines 56--65
\OT1/cmr/m/n/10 +\OML/cmm/m/it/10 SHORTFMT \OT1/cmr/m/n/10 =
 []


Overfull \hbox (64.81725pt too wide) in paragraph at lines 56--65
\OT1/cmr/m/n/10 +\OML/cmm/m/it/10 HEIGHT \OT1/cmr/m/n/10 =
 []


Overfull \hbox (66.48401pt too wide) in paragraph at lines 56--65
\OT1/cmr/m/n/10 180\OML/cmm/m/it/10 WIDTH \OT1/cmr/m/n/10 =
 []


Overfull \hbox (15.00005pt too wide) in paragraph at lines 56--65
\OT1/cmr/m/n/10 220$ 
 []

)
! Emergency stop.
<*> /home/cake/.config/i3blocks/config
                                      
*** (job aborted, no legal \end found)

 
Here is how much of TeX's memory you used:
 22 strings out of 478287
 514 string characters out of 5849289
 291006 words of memory out of 5000000
 18318 multiletter control sequences out of 15000+600000
 469259 words of font info for 28 fonts, out of 8000000 for 9000
 1141 hyphenation exceptions out of 8191
 18i,1n,12p,123b,56s stack positions out of 5000i,500n,10000p,200000b,80000s
!  ==> Fatal error occurred, no output PDF file produced!
